<?xml version="1.0" encoding="UTF-8"?>
<testng-results skipped="0" failed="0" ignored="0" total="1" passed="1">
  <reporter-output>
  </reporter-output>
  <suite name="Command line suite" duration-ms="79" started-at="2020-02-05T21:52:24 IST" finished-at="2020-02-05T21:52:24 IST">
    <groups>
    </groups>
    <test name="Command line test" duration-ms="79" started-at="2020-02-05T21:52:24 IST" finished-at="2020-02-05T21:52:24 IST">
      <class name="Seleniumacademy.AppTest">
        <test-method status="PASS" signature="testApp()" name="testApp" duration-ms="12" started-at="2020-02-05T21:52:24 IST" finished-at="2020-02-05T21:52:24 IST">
          <reporter-output>
          </reporter-output>
        </test-method> <!-- testApp -->
      </class> <!-- Seleniumacademy.AppTest -->
    </test> <!-- Command line test -->
  </suite> <!-- Command line suite -->
</testng-results>
