<?xml version="1.0" encoding="UTF-8"?>
<!-- Generated by org.testng.reporters.JUnitXMLReporter -->
<testsuite hostname="Friend" ignored="0" name="Surefire test" tests="3" failures="0" timestamp="2020-02-05T20:58:16 IST" time="0.166" errors="0">
  <testcase name="Post" time="0.014" classname="Seleniumacademy.APITest"/>
  <testcase name="Appiumtest" time="0.001" classname="Seleniumacademy.AppiumTest"/>
  <testcase name="Seleniumtest" time="0.0" classname="Seleniumacademy.SeleniumTest"/>
</testsuite> <!-- Surefire test -->
