<?xml version="1.0" encoding="UTF-8"?>
<!-- Generated by org.testng.reporters.JUnitXMLReporter -->
<testsuite hostname="Friend" ignored="0" name="Command line test" tests="3" failures="0" timestamp="2020-02-05T21:52:24 IST" time="0.175" errors="0">
  <testcase name="Post" time="0.025" classname="Seleniumacademy.APITest"/>
  <testcase name="Appiumtest" time="0.001" classname="Seleniumacademy.AppiumTest"/>
  <testcase name="Seleniumtest" time="0.001" classname="Seleniumacademy.SeleniumTest"/>
</testsuite> <!-- Command line test -->
